#
# There is insufficient memory for the Java Runtime Environment to continue.
# Native memory allocation (mmap) failed to map 266338304 bytes for Failed to commit area from 0x0000000702000000 to 0x0000000711e00000 of length 266338304.
# Possible reasons:
#   The system is out of physical RAM or swap space
#   The process is running with CompressedOops enabled, and the Java Heap may be blocking the growth of the native heap
# Possible solutions:
#   Reduce memory load on the system
#   Increase physical memory or swap space
#   Check if swap backing store is full
#   Decrease Java heap size (-Xmx/-Xms)
#   Decrease number of Java threads
#   Decrease Java thread stack sizes (-Xss)
#   Set larger code cache with -XX:ReservedCodeCacheSize=
# This output file may be truncated or incomplete.
#
#  Out of Memory Error (./src/hotspot/os/windows/os_windows.cpp:3301), pid=638660, tid=638680
#
# JRE version:  (11.0.10+9) (build )
# Java VM: Dynamic Code Evolution 64-Bit Server VM (11.0.10+9-b1341.41, mixed mode, sharing, tiered, compressed oops, g1 gc, windows-amd64)
# No core dump will be written. Minidumps are not enabled by default on client versions of Windows
#

---------------  S U M M A R Y ------------

Command Line: org.jetbrains.git4idea.http.GitAskPassApp Username for 'https://gitee.com': 

Host: 11th Gen Intel(R) Core(TM) i7-11700 @ 2.50GHz, 16 cores, 15G,  Windows 10 , 64 bit Build 19041 (10.0.19041.1889)
Time: Mon Sep  5 01:00:45 2022 中国标准时间 elapsed time: 0.013732 seconds (0d 0h 0m 0s)

---------------  T H R E A D  ---------------

Current thread (0x000001f9b6a4c000):  JavaThread "Unknown thread" [_thread_in_vm, id=638680, stack(0x000000d9ea100000,0x000000d9ea200000)]

Stack: [0x000000d9ea100000,0x000000d9ea200000]
Native frames: (J=compiled Java code, j=interpreted, Vv=VM code, C=native code)
V  [jvm.dll+0x5f84fa]
V  [jvm.dll+0x77e085]
V  [jvm.dll+0x77f5dd]
V  [jvm.dll+0x77fc93]
V  [jvm.dll+0x2457e8]
V  [jvm.dll+0x5f58f4]
V  [jvm.dll+0x5ea975]
V  [jvm.dll+0x30228b]
V  [jvm.dll+0x3021fa]
V  [jvm.dll+0x3020d2]
V  [jvm.dll+0x306fb6]
V  [jvm.dll+0x34f843]
V  [jvm.dll+0x34ff46]
V  [jvm.dll+0x34f943]
V  [jvm.dll+0x2dbcb8]
V  [jvm.dll+0x2dce57]
V  [jvm.dll+0x75c4d7]
V  [jvm.dll+0x75dd6c]
V  [jvm.dll+0x35cdb9]
V  [jvm.dll+0x73fc9e]
V  [jvm.dll+0x3c5663]
V  [jvm.dll+0x3c7a21]
C  [jli.dll+0x5373]
C  [ucrtbase.dll+0x21bb2]
C  [KERNEL32.DLL+0x17034]
C  [ntdll.dll+0x52651]


---------------  P R O C E S S  ---------------

Threads class SMR info:
_java_thread_list=0x000001f9b4726570, length=0, elements={
}

Java Threads: ( => current thread )

Other Threads:
  0x000001f9b6a63000 GCTaskThread "GC Thread#0" [stack: 0x000000d9ea200000,0x000000d9ea300000] [id=638684]
  0x000001f9b6ac2800 ConcurrentGCThread "G1 Main Marker" [stack: 0x000000d9ea300000,0x000000d9ea400000] [id=638688]
  0x000001f9b6ac4800 ConcurrentGCThread "G1 Conc#0" [stack: 0x000000d9ea400000,0x000000d9ea500000] [id=638692]

[error occurred during error reporting (printing all threads), id 0xc0000005, EXCEPTION_ACCESS_VIOLATION (0xc0000005) at pc=0x00007ffa9482c437]

VM state:not at safepoint (not fully initialized)

VM Mutex/Monitor currently owned by a thread:  ([mutex/lock_event])
[0x000001f9b6a486e0] Heap_lock - owner thread: 0x000001f9b6a4c000

Heap address: 0x0000000702000000, size: 4064 MB, Compressed Oops mode: Non-zero based: 0x0000000702000000
Narrow klass base: 0x0000000000000000, Narrow klass shift: 0

GC Heap History (0 events):
No events

Deoptimization events (0 events):
No events

Classes redefined (0 events):
No events

Internal exceptions (0 events):
No events

Events (1 events):
Event: 0.007 Loaded shared library D:\dev\idea\install\IntelliJ IDEA 2021.1.1\jbr\bin\zip.dll


Dynamic libraries:
0x00007ff6cdbe0000 - 0x00007ff6cdbea000 	D:\dev\idea\install\IntelliJ IDEA 2021.1.1\jbr\bin\java.exe
0x00007ffaf8f90000 - 0x00007ffaf9188000 	C:\Windows\SYSTEM32\ntdll.dll
0x00007ffaf7200000 - 0x00007ffaf72bd000 	C:\Windows\System32\KERNEL32.DLL
0x00007ffaf66b0000 - 0x00007ffaf697e000 	C:\Windows\System32\KERNELBASE.dll
0x00007ffaf6bb0000 - 0x00007ffaf6cb0000 	C:\Windows\System32\ucrtbase.dll
0x00007ffa93500000 - 0x00007ffa93517000 	D:\dev\idea\install\IntelliJ IDEA 2021.1.1\jbr\bin\VCRUNTIME140.dll
0x00007ffa934e0000 - 0x00007ffa934f9000 	D:\dev\idea\install\IntelliJ IDEA 2021.1.1\jbr\bin\jli.dll
0x00007ffaf7840000 - 0x00007ffaf79e0000 	C:\Windows\System32\USER32.dll
0x00007ffaf69f0000 - 0x00007ffaf6a12000 	C:\Windows\System32\win32u.dll
0x00007ffae4d50000 - 0x00007ffae4fea000 	C:\Windows\WinSxS\amd64_microsoft.windows.common-controls_6595b64144ccf1df_6.0.19041.1110_none_60b5254171f9507e\COMCTL32.dll
0x00007ffaf74b0000 - 0x00007ffaf74da000 	C:\Windows\System32\GDI32.dll
0x00007ffaf7c80000 - 0x00007ffaf7d1e000 	C:\Windows\System32\msvcrt.dll
0x00007ffaf6ee0000 - 0x00007ffaf6feb000 	C:\Windows\System32\gdi32full.dll
0x00007ffaf6ce0000 - 0x00007ffaf6d7d000 	C:\Windows\System32\msvcp_win.dll
0x00007ffaf7df0000 - 0x00007ffaf7e20000 	C:\Windows\System32\IMM32.DLL
0x00007ffa8d490000 - 0x00007ffa8d52d000 	D:\dev\idea\install\IntelliJ IDEA 2021.1.1\jbr\bin\msvcp140.dll
0x00007ffa94540000 - 0x00007ffa9508f000 	D:\dev\idea\install\IntelliJ IDEA 2021.1.1\jbr\bin\server\jvm.dll
0x00007ffaf7380000 - 0x00007ffaf742e000 	C:\Windows\System32\ADVAPI32.dll
0x00007ffaf7a40000 - 0x00007ffaf7adc000 	C:\Windows\System32\sechost.dll
0x00007ffaf8dc0000 - 0x00007ffaf8ee5000 	C:\Windows\System32\RPCRT4.dll
0x00007ffaf8db0000 - 0x00007ffaf8db8000 	C:\Windows\System32\PSAPI.DLL
0x00007ffad21e0000 - 0x00007ffad21e9000 	C:\Windows\SYSTEM32\WSOCK32.dll
0x00007ffaf12c0000 - 0x00007ffaf12ca000 	C:\Windows\SYSTEM32\VERSION.dll
0x00007ffaef3c0000 - 0x00007ffaef3e7000 	C:\Windows\SYSTEM32\WINMM.dll
0x00007ffaf7bb0000 - 0x00007ffaf7c1b000 	C:\Windows\System32\WS2_32.dll
0x00007ffaf45d0000 - 0x00007ffaf45e2000 	C:\Windows\SYSTEM32\kernel.appcore.dll
0x00007ffad0550000 - 0x00007ffad0561000 	D:\dev\idea\install\IntelliJ IDEA 2021.1.1\jbr\bin\verify.dll
0x00007ffaeb600000 - 0x00007ffaeb7e4000 	C:\Windows\SYSTEM32\DBGHELP.DLL
0x00007ffad8390000 - 0x00007ffad83bc000 	C:\Windows\SYSTEM32\dbgcore.DLL
0x00007ffaf6b20000 - 0x00007ffaf6ba2000 	C:\Windows\System32\bcryptPrimitives.dll
0x00007ffad0520000 - 0x00007ffad0549000 	D:\dev\idea\install\IntelliJ IDEA 2021.1.1\jbr\bin\java.dll
0x00007ffad0510000 - 0x00007ffad051b000 	D:\dev\idea\install\IntelliJ IDEA 2021.1.1\jbr\bin\jimage.dll
0x00007ffad04f0000 - 0x00007ffad0508000 	D:\dev\idea\install\IntelliJ IDEA 2021.1.1\jbr\bin\zip.dll

dbghelp: loaded successfully - version: 4.0.5 - missing functions: none
symbol engine: initialized successfully - sym options: 0x614 - pdb path: .;D:\dev\idea\install\IntelliJ IDEA 2021.1.1\jbr\bin;C:\Windows\SYSTEM32;C:\Windows\WinSxS\amd64_microsoft.windows.common-controls_6595b64144ccf1df_6.0.19041.1110_none_60b5254171f9507e;D:\dev\idea\install\IntelliJ IDEA 2021.1.1\jbr\bin\server

VM Arguments:
java_command: org.jetbrains.git4idea.http.GitAskPassApp Username for 'https://gitee.com': 
java_class_path (initial): D:/dev/idea/install/IntelliJ IDEA 2021.1.1/plugins/git4idea/lib/git4idea-rt.jar;D:/dev/idea/install/IntelliJ IDEA 2021.1.1/lib/xmlrpc-2.0.1.jar;D:/dev/idea/install/IntelliJ IDEA 2021.1.1/lib/commons-codec-1.15.jar
Launcher Type: SUN_STANDARD

[Global flags]
     intx CICompilerCount                          = 12                                        {product} {ergonomic}
     uint ConcGCThreads                            = 3                                         {product} {ergonomic}
     uint G1ConcRefinementThreads                  = 13                                        {product} {ergonomic}
   size_t G1HeapRegionSize                         = 1048576                                   {product} {ergonomic}
    uintx GCDrainStackTargetSize                   = 64                                        {product} {ergonomic}
   size_t InitialHeapSize                          = 266338304                                 {product} {ergonomic}
   size_t MarkStackSize                            = 4194304                                   {product} {ergonomic}
   size_t MaxHeapSize                              = 4261412864                                {product} {ergonomic}
   size_t MinHeapDeltaBytes                        = 1048576                                   {product} {ergonomic}
    uintx NonNMethodCodeHeapSize                   = 7594288                                {pd product} {ergonomic}
    uintx NonProfiledCodeHeapSize                  = 122031976                              {pd product} {ergonomic}
    uintx ProfiledCodeHeapSize                     = 122031976                              {pd product} {ergonomic}
    uintx ReservedCodeCacheSize                    = 251658240                              {pd product} {ergonomic}
     bool SegmentedCodeCache                       = true                                      {product} {ergonomic}
     bool UseCompressedClassPointers               = true                                 {lp64_product} {ergonomic}
     bool UseCompressedOops                        = true                                 {lp64_product} {ergonomic}
     bool UseG1GC                                  = true                                      {product} {ergonomic}
     bool UseLargePagesIndividualAllocation        = false                                  {pd product} {ergonomic}

Logging:
Log output configuration:
 #0: stdout all=warning uptime,level,tags
 #1: stderr all=off uptime,level,tags

Environment Variables:
JAVA_HOME=D:\dev\jdk8\install\jdk8
PATH=D:\dev\git\install\Git\mingw64\libexec\git-core;D:\dev\git\install\Git\mingw64\libexec\git-core;D:\dev\git\install\Git\mingw64\bin;D:\dev\git\install\Git\usr\bin;C:\Users\smj87\bin;C:\Program Files (x86)\Common Files\Oracle\Java\javapath;C:\Windows\system32;C:\Windows;C:\Windows\System32\Wbem;C:\Windows\System32\WindowsPowerShell\v1.0;C:\Windows\System32\OpenSSH;C:\Program Files (x86)\NVIDIA Corporation\PhysX\Common;C:\Program Files\NVIDIA Corporation\NVIDIA NvDLISR;D:\dev\git\install\Git\cmd;D:\dev\apache-maven-3.8.1\bin;D:\dev\jdk8\install\jdk8\bin;D:\dev\python3.7;D:\dev\xshell;C:\Program Files\dotnet;C:\Users\smj87\AppData\Local\Microsoft\WindowsApps;D:\tools\Bandizip;D:\dev\PyCharm Community Edition 2021.2\bin
USERNAME=smj87
DISPLAY=:0.0
LC_ALL=en_US.UTF-8
OS=Windows_NT
PROCESSOR_IDENTIFIER=Intel64 Family 6 Model 167 Stepping 1, GenuineIntel



---------------  S Y S T E M  ---------------

OS: Windows 10 , 64 bit Build 19041 (10.0.19041.1889)
OS uptime: 23 days 14:23 hours

CPU:total 16 (initial active 16) (8 cores per cpu, 2 threads per core) family 6 model 167 stepping 1 microcode 0x24, cmov, cx8, fxsr, mmx, sse, sse2, sse3, ssse3, sse4.1, sse4.2, popcnt, avx, avx2, aes, clmul, erms, 3dnowpref, lzcnt, ht, tsc, tscinvbit, bmi1, bmi2, adx, evex, sha, fma

Memory: 4k page, system-wide physical 16255M (4085M free)
TotalPageFile size 29043M (AvailPageFile size 235M)
current process WorkingSet (physical memory assigned to process): 10M, peak: 10M
current process commit charge ("private bytes"): 71M, peak: 325M

vm_info: Dynamic Code Evolution 64-Bit Server VM (11.0.10+9-b1341.41) for windows-amd64 JRE (11.0.10+9-b1341.41), built on Apr 17 2021 07:18:15 by "" with MS VC++ 14.0 (VS2015)

END.
